<?xml version="1.0" encoding="UTF-8"?>
<testng-results ignored="0" total="1" passed="1" failed="0" skipped="0">
  <reporter-output>
  </reporter-output>
  <suite started-at="2025-06-15T14:46:50 IST" name="Web Automation Suite" finished-at="2025-06-15T14:47:04 IST" duration-ms="14186">
    <groups>
    </groups>
    <test started-at="2025-06-15T14:46:50 IST" name="Login Test" finished-at="2025-06-15T14:47:04 IST" duration-ms="14186">
      <class name="tests.LoginTest">
        <test-method is-config="true" signature="setup()[pri:0, instance:tests.LoginTest@6adbc9d]" started-at="2025-06-15T14:46:50 IST" name="setup" finished-at="2025-06-15T14:47:03 IST" duration-ms="12701" status="PASS">
          <reporter-output>
          </reporter-output>
        </test-method> <!-- setup -->
        <test-method signature="testValidLogin()[pri:0, instance:tests.LoginTest@6adbc9d]" started-at="2025-06-15T14:47:03 IST" name="testValidLogin" finished-at="2025-06-15T14:47:04 IST" duration-ms="996" status="PASS">
          <reporter-output>
          </reporter-output>
        </test-method> <!-- testValidLogin -->
        <test-method is-config="true" signature="tearDown()[pri:0, instance:tests.LoginTest@6adbc9d]" started-at="2025-06-15T14:47:04 IST" name="tearDown" finished-at="2025-06-15T14:47:04 IST" duration-ms="387" status="PASS">
          <reporter-output>
          </reporter-output>
        </test-method> <!-- tearDown -->
      </class> <!-- tests.LoginTest -->
    </test> <!-- Login Test -->
  </suite> <!-- Web Automation Suite -->
</testng-results>
